mode: set
github.com/example/go-template/internal/db/db.go:30.47,39.2 1 1
github.com/example/go-template/internal/db/db.go:42.40,44.16 2 0
github.com/example/go-template/internal/db/db.go:44.16,46.3 1 0
github.com/example/go-template/internal/db/db.go:47.2,52.34 5 0
github.com/example/go-template/internal/db/db.go:52.34,55.3 2 0
github.com/example/go-template/internal/db/db.go:56.2,56.16 1 0
github.com/example/go-template/internal/db/db.go:60.57,64.2 3 1
github.com/example/go-template/internal/db/db.go:68.101,70.16 2 1
github.com/example/go-template/internal/db/db.go:70.16,72.3 1 1
github.com/example/go-template/internal/db/db.go:73.2,73.15 1 1
github.com/example/go-template/internal/db/db.go:73.15,74.31 1 1
github.com/example/go-template/internal/db/db.go:74.31,76.12 2 1
github.com/example/go-template/internal/db/db.go:78.3,78.17 1 1
github.com/example/go-template/internal/db/db.go:78.17,80.4 1 1
github.com/example/go-template/internal/db/db.go:82.2,82.30 1 1
github.com/example/go-template/internal/db/db.go:82.30,84.3 1 1
github.com/example/go-template/internal/db/db.go:85.2,85.20 1 1
github.com/example/go-template/internal/db/migrations.go:31.64,33.2 1 1
github.com/example/go-template/internal/db/migrations.go:36.50,37.43 1 1
github.com/example/go-template/internal/db/migrations.go:37.43,39.3 1 1
github.com/example/go-template/internal/db/migrations.go:40.2,41.16 2 1
github.com/example/go-template/internal/db/migrations.go:41.16,43.3 1 1
github.com/example/go-template/internal/db/migrations.go:45.2,47.41 3 1
github.com/example/go-template/internal/db/migrations.go:47.41,47.89 1 0
github.com/example/go-template/internal/db/migrations.go:49.2,49.28 1 1
github.com/example/go-template/internal/db/migrations.go:49.28,50.26 1 1
github.com/example/go-template/internal/db/migrations.go:50.26,51.12 1 1
github.com/example/go-template/internal/db/migrations.go:53.3,53.57 1 1
github.com/example/go-template/internal/db/migrations.go:53.57,54.56 1 1
github.com/example/go-template/internal/db/migrations.go:54.56,56.5 1 1
github.com/example/go-template/internal/db/migrations.go:57.4,61.14 2 1
github.com/example/go-template/internal/db/migrations.go:62.18,64.4 1 1
github.com/example/go-template/internal/db/migrations.go:66.2,66.12 1 1
github.com/example/go-template/internal/db/migrations.go:69.59,77.2 3 1
github.com/example/go-template/internal/db/migrations.go:79.71,81.16 2 1
github.com/example/go-template/internal/db/migrations.go:81.16,83.3 1 1
github.com/example/go-template/internal/db/migrations.go:84.2,86.18 3 1
github.com/example/go-template/internal/db/migrations.go:86.18,88.39 2 1
github.com/example/go-template/internal/db/migrations.go:88.39,90.4 1 0
github.com/example/go-template/internal/db/migrations.go:91.3,91.16 1 1
github.com/example/go-template/internal/db/migrations.go:93.2,93.24 1 1
github.com/example/go-template/internal/db/repository.go:30.88,34.35 4 1
github.com/example/go-template/internal/db/repository.go:34.35,37.3 2 1
github.com/example/go-template/internal/db/repository.go:38.2,38.20 1 1
github.com/example/go-template/internal/db/repository.go:42.67,45.16 3 1
github.com/example/go-template/internal/db/repository.go:45.16,47.3 1 1
github.com/example/go-template/internal/db/repository.go:48.2,51.18 3 1
github.com/example/go-template/internal/db/repository.go:51.18,53.17 2 1
github.com/example/go-template/internal/db/repository.go:53.17,55.4 1 0
github.com/example/go-template/internal/db/repository.go:56.3,56.36 1 1
github.com/example/go-template/internal/db/repository.go:58.2,58.28 1 1
github.com/example/go-template/internal/db/repository.go:62.99,64.16 2 1
github.com/example/go-template/internal/db/repository.go:64.16,66.3 1 1
github.com/example/go-template/internal/db/repository.go:67.2,67.30 1 1
